-------------------------------------------------------------------------------
Test set: cl.diinf.sessionBeans.OA_TranslateHtmlTest
-------------------------------------------------------------------------------
<<<<<<< HEAD
Tests run: 1, Failures: 0, Errors: 0, Skipped: 0, Time elapsed: 0.445 sec
=======
<<<<<<< HEAD
Tests run: 1, Failures: 0, Errors: 0, Skipped: 0, Time elapsed: 0.085 sec
=======
Tests run: 1, Failures: 0, Errors: 0, Skipped: 0, Time elapsed: 0 sec
>>>>>>> 7f7fa23457820cca10abd5f17e6f24c2698fc803
>>>>>>> b89f28f2c93e8a6a3115e3393173e3d4acdaf9d3
