-------------------------------------------------------------------------------
Test set: cl.diinf.sessionBeans.OA_ReaderTest
-------------------------------------------------------------------------------
<<<<<<< HEAD
Tests run: 3, Failures: 0, Errors: 0, Skipped: 0, Time elapsed: 1.037 sec
=======
<<<<<<< HEAD
Tests run: 3, Failures: 0, Errors: 0, Skipped: 0, Time elapsed: 0.123 sec
=======
Tests run: 3, Failures: 0, Errors: 0, Skipped: 0, Time elapsed: 0.355 sec
>>>>>>> 7f7fa23457820cca10abd5f17e6f24c2698fc803
>>>>>>> b89f28f2c93e8a6a3115e3393173e3d4acdaf9d3
